
[epik-watcher] Starting run for 2026-07-08
Domains: cryptoweed.com, epikroidsarefake.org, epikraaviolations.com, masterbucks.com, forensicexam.info

  Querying cryptoweed.com … CHANGED (1 field(s))
  Querying epikroidsarefake.org … CHANGED (14 field(s))
  Querying epikraaviolations.com … CHANGED (3 field(s))
  Querying masterbucks.com … CHANGED (3 field(s))
  Querying forensicexam.info … CHANGED (5 field(s))

  Generating reports…
  Markdown: /home/runner/work/epik_hunt/epik_hunt/reports/daily-2026-07-08.md
  JSON:     /home/runner/work/epik_hunt/epik_hunt/reports/daily-2026-07-08.json
  Sending notifications…
  No changes — email suppressed.

────────────────────────────────────────────────────────────
  Epik Watcher — Daily Run Summary  (2026-07-08)
────────────────────────────────────────────────────────────
Domain                          Status      Fields Δ  
────────────────────────────────────────────────────────────
cryptoweed.com                  CHANGED               1         
epikroidsarefake.org            ERROR                 14        
epikraaviolations.com           CHANGED               3         
masterbucks.com                 CHANGED               3         
forensicexam.info               CHANGED               5         
────────────────────────────────────────────────────────────

  Saved last_run.json (Success: true)
